
> aurora-server@1.0.0 dev
> node server.js

[dotenv@17.2.3] injecting env (11) from .env -- tip: 🔐 prevent building .env in docker: https://dotenvx.com/prebuild
node:events:497
      throw er; // Unhandled 'error' event
      ^

Error: listen EPERM: operation not permitted 0.0.0.0:3001
    at Server.setupListenHandle [as _listen2] (node:net:1918:21)
    at listenInCluster (node:net:1997:12)
    at Server.listen (node:net:2102:7)
    at Object.<anonymous> (/Users/michaeldiskint/Dropbox/APPS/aurora-v2/server/server.js:223:8)
    at Module._compile (node:internal/modules/cjs/loader:1706:14)
    at Object..js (node:internal/modules/cjs/loader:1839:10)
    at Module.load (node:internal/modules/cjs/loader:1441:32)
    at Function._load (node:internal/modules/cjs/loader:1263:12)
    at TracingChannel.traceSync (node:diagnostics_channel:322:14)
    at wrapModuleLoad (node:internal/modules/cjs/loader:237:24)
Emitted 'error' event on Server instance at:
    at emitErrorNT (node:net:1976:8)
    at process.processTicksAndRejections (node:internal/process/task_queues:90:21) {
  code: 'EPERM',
  errno: -1,
  syscall: 'listen',
  address: '0.0.0.0',
  port: 3001
}

Node.js v22.19.0
